<?xml version="1.0" encoding="UTF-8"?>
<testsuite xmlns:xsi="http://www.w3.org/2001/XMLSchema-instance" xsi:noNamespaceSchemaLocation="https://maven.apache.org/surefire/maven-surefire-plugin/xsd/surefire-test-report.xsd" version="3.0.2" name="lipid.ElutionOrderTest" time="0.039" tests="6" errors="0" skipped="0" failures="0">
  <properties>
[...]
</properties>
  <testcase name="score1BasedOnRTCarbonNumbers" classname="lipid.ElutionOrderTest" time="0.03">
    <system-out><![CDATA[2025-05-17 12:37:18,974 [main] INFO  Creating RuleUnit
2025-05-17 12:37:18,979 [main] INFO  Insert data
2025-05-17 12:37:18,988 [main] INFO  Run query. Rules are also fired
]]></system-out>
  </testcase>
  <testcase name="negativeScoreBasedOnRTNumberOfCarbons" classname="lipid.ElutionOrderTest" time="0.0">
    <system-out><![CDATA[2025-05-17 12:37:19,015 [main] INFO  Creating RuleUnit
2025-05-17 12:37:19,015 [main] INFO  Insert data
2025-05-17 12:37:19,016 [main] INFO  Run query. Rules are also fired
]]></system-out>
  </testcase>
  <testcase name="negativeScoreBasedOnRTDoubleBonds" classname="lipid.ElutionOrderTest" time="0.0">
    <system-out><![CDATA[2025-05-17 12:37:19,017 [main] INFO  Creating RuleUnit
2025-05-17 12:37:19,017 [main] INFO  Insert data
2025-05-17 12:37:19,017 [main] INFO  Run query. Rules are also fired
]]></system-out>
  </testcase>
  <testcase name="score1BasedOnRTDoubleBonds" classname="lipid.ElutionOrderTest" time="0.003">
    <system-out><![CDATA[2025-05-17 12:37:19,019 [main] INFO  Creating RuleUnit
2025-05-17 12:37:19,019 [main] INFO  Insert data
2025-05-17 12:37:19,020 [main] INFO  Run query. Rules are also fired
]]></system-out>
  </testcase>
  <testcase name="negativeScoreBasedOnLipidType" classname="lipid.ElutionOrderTest" time="0.001">
    <system-out><![CDATA[2025-05-17 12:37:19,021 [main] INFO  Creating RuleUnit
2025-05-17 12:37:19,021 [main] INFO  Insert data
2025-05-17 12:37:19,021 [main] INFO  Run query. Rules are also fired
]]></system-out>
  </testcase>
  <testcase name="score1BasedOnLipidType" classname="lipid.ElutionOrderTest" time="0.002">
    <system-out><![CDATA[2025-05-17 12:37:19,023 [main] INFO  Creating RuleUnit
2025-05-17 12:37:19,023 [main] INFO  Insert data
2025-05-17 12:37:19,023 [main] INFO  Run query. Rules are also fired
]]></system-out>
  </testcase>
</testsuite>